<?xml version="1.0" encoding="utf-8"?><testsuites name="pytest tests"><testsuite name="pytest" errors="0" failures="0" skipped="0" tests="24" time="8.558" timestamp="2026-06-22T11:24:59.502246+00:00" hostname="agent-env-536e15fb-4883-4a49-a914-6ee10e38b517"><testcase classname="backend.tests.test_admin_v26d.TestAdminAuth" name="test_auth_correct_pin" time="0.350" /><testcase classname="backend.tests.test_admin_v26d.TestAdminAuth" name="test_auth_wrong_pin" time="0.261" /><testcase classname="backend.tests.test_admin_v26d.TestAdminAuth" name="test_auth_empty_pin" time="0.249" /><testcase classname="backend.tests.test_admin_v26d.TestAdminGuard" name="test_stats_without_pin" time="0.313" /><testcase classname="backend.tests.test_admin_v26d.TestAdminGuard" name="test_stats_with_wrong_pin" time="0.303" /><testcase classname="backend.tests.test_admin_v26d.TestAdminGuard" name="test_orders_without_pin" time="0.342" /><testcase classname="backend.tests.test_admin_v26d.TestAdminGuard" name="test_patch_without_pin" time="0.317" /><testcase classname="backend.tests.test_admin_v26d.TestAdminStats" name="test_stats_shape" time="0.939" /><testcase classname="backend.tests.test_admin_v26d.TestAdminOrdersList" name="test_list_returns_items" time="0.240" /><testcase classname="backend.tests.test_admin_v26d.TestAdminOrdersList" name="test_filter_status_new" time="0.240" /><testcase classname="backend.tests.test_admin_v26d.TestAdminOrdersList" name="test_filter_status_invalid_returns_all" time="0.199" /><testcase classname="backend.tests.test_admin_v26d.TestAdminOrdersList" name="test_search_by_customer_name" time="0.154" /><testcase classname="backend.tests.test_admin_v26d.TestAdminOrdersList" name="test_search_case_insensitive" time="0.170" /><testcase classname="backend.tests.test_admin_v26d.TestAdminOrdersList" name="test_search_by_nopol" time="0.176" /><testcase classname="backend.tests.test_admin_v26d.TestAdminOrdersList" name="test_search_by_order_id" time="0.166" /><testcase classname="backend.tests.test_admin_v26d.TestAdminOrdersList" name="test_limit_clamp" time="0.156" /><testcase classname="backend.tests.test_admin_v26d.TestAdminPatchOrder" name="test_patch_status_persists" time="0.366" /><testcase classname="backend.tests.test_admin_v26d.TestAdminPatchOrder" name="test_patch_invalid_status" time="0.179" /><testcase classname="backend.tests.test_admin_v26d.TestAdminPatchOrder" name="test_patch_unknown_order" time="0.224" /><testcase classname="backend.tests.test_admin_v26d.TestAdminPatchOrder" name="test_patch_empty_body_400" time="0.216" /><testcase classname="backend.tests.test_admin_v26d.TestAdminPatchOrder" name="test_patch_driver_id_and_catatan" time="0.216" /><testcase classname="backend.tests.test_admin_v26d.TestAdminPatchOrder" name="test_convert_then_patch_mirrors_driver_to_trip" time="1.082" /><testcase classname="backend.tests.test_admin_v26d.TestPublicRegression" name="test_root_version" time="0.221" /><testcase classname="backend.tests.test_admin_v26d.TestPublicRegression" name="test_create_order_no_pin" time="0.955" /></testsuite></testsuites>