<?xml version="1.0" encoding="utf-8"?><testsuites name="pytest tests"><testsuite name="pytest" errors="0" failures="0" skipped="0" tests="14" time="12.513" timestamp="2026-06-22T10:17:27.243286+00:00" hostname="agent-env-536e15fb-4883-4a49-a914-6ee10e38b517"><testcase classname="backend.tests.test_bastk_v26a" name="test_invalid_vehicle_type_returns_400" time="0.814" /><testcase classname="backend.tests.test_bastk_v26a" name="test_valid_vehicle_type_saved" time="0.633" /><testcase classname="backend.tests.test_bastk_v26a" name="test_all_20_vehicle_types_accepted" time="6.746" /><testcase classname="backend.tests.test_bastk_v26a" name="test_damage_marks_invalid_code_filtered" time="0.282" /><testcase classname="backend.tests.test_bastk_v26a" name="test_damage_marks_xy_clamped" time="0.231" /><testcase classname="backend.tests.test_bastk_v26a" name="test_all_6_damage_codes_valid" time="0.357" /><testcase classname="backend.tests.test_bastk_v26a" name="test_customer_data_whitelist_and_truncate" time="0.339" /><testcase classname="backend.tests.test_bastk_v26a" name="test_signatures_dataurl_only" time="0.272" /><testcase classname="backend.tests.test_bastk_v26a" name="test_catatan_truncate_500" time="0.226" /><testcase classname="backend.tests.test_bastk_v26a" name="test_public_endpoint_exposes_bastk_fields" time="0.506" /><testcase classname="backend.tests.test_bastk_v26a" name="test_bastk_unknown_trip_404" time="0.283" /><testcase classname="backend.tests.test_bastk_v26a" name="test_regression_get_trip_works" time="0.361" /><testcase classname="backend.tests.test_bastk_v26a" name="test_regression_trip_init_idempotent" time="0.286" /><testcase classname="backend.tests.test_bastk_v26a" name="test_regression_public_endpoint_basic_fields" time="0.295" /></testsuite></testsuites>