<?xml version="1.0" encoding="utf-8"?><testsuites name="pytest tests"><testsuite name="pytest" errors="0" failures="0" skipped="0" tests="93" time="25.753" timestamp="2026-06-22T10:33:02.182679+00:00" hostname="agent-env-536e15fb-4883-4a49-a914-6ee10e38b517"><testcase classname="backend.tests.test_bastk_v26a" name="test_invalid_vehicle_type_returns_400" time="0.813" /><testcase classname="backend.tests.test_bastk_v26a" name="test_valid_vehicle_type_saved" time="0.565" /><testcase classname="backend.tests.test_bastk_v26a" name="test_all_20_vehicle_types_accepted" time="6.111" /><testcase classname="backend.tests.test_bastk_v26a" name="test_damage_marks_invalid_code_filtered" time="0.331" /><testcase classname="backend.tests.test_bastk_v26a" name="test_damage_marks_xy_clamped" time="0.298" /><testcase classname="backend.tests.test_bastk_v26a" name="test_all_6_damage_codes_valid" time="0.312" /><testcase classname="backend.tests.test_bastk_v26a" name="test_customer_data_whitelist_and_truncate" time="0.251" /><testcase classname="backend.tests.test_bastk_v26a" name="test_signatures_dataurl_only" time="0.282" /><testcase classname="backend.tests.test_bastk_v26a" name="test_catatan_truncate_500" time="0.322" /><testcase classname="backend.tests.test_bastk_v26a" name="test_public_endpoint_exposes_bastk_fields" time="0.574" /><testcase classname="backend.tests.test_bastk_v26a" name="test_bastk_unknown_trip_404" time="0.211" /><testcase classname="backend.tests.test_bastk_v26a" name="test_regression_get_trip_works" time="0.244" /><testcase classname="backend.tests.test_bastk_v26a" name="test_regression_trip_init_idempotent" time="0.324" /><testcase classname="backend.tests.test_bastk_v26a" name="test_regression_public_endpoint_basic_fields" time="0.305" /><testcase classname="backend.tests.test_driver_checkpoint" name="test_01_root" time="0.277" /><testcase classname="backend.tests.test_driver_checkpoint" name="test_02_init_trip_new" time="0.096" /><testcase classname="backend.tests.test_driver_checkpoint" name="test_03_init_trip_idempotent" time="0.079" /><testcase classname="backend.tests.test_driver_checkpoint" name="test_04_get_trip" time="0.063" /><testcase classname="backend.tests.test_driver_checkpoint" name="test_05_get_trip_404" time="0.063" /><testcase classname="backend.tests.test_driver_checkpoint" name="test_06_set_driver_name" time="0.069" /><testcase classname="backend.tests.test_driver_checkpoint" name="test_07_sop_read" time="0.116" /><testcase classname="backend.tests.test_driver_checkpoint" name="test_08_upload_5_initial_and_auto_cair" time="0.459" /><testcase classname="backend.tests.test_driver_checkpoint" name="test_09_upload_initial_bad_slot" time="0.057" /><testcase classname="backend.tests.test_driver_checkpoint" name="test_10_static_file_served" time="0.156" /><testcase classname="backend.tests.test_driver_checkpoint" name="test_11_daily_upload" time="0.157" /><testcase classname="backend.tests.test_driver_checkpoint" name="test_12_daily_duplicate_same_day_409" time="0.060" /><testcase classname="backend.tests.test_driver_checkpoint" name="test_13_delete_today_daily" time="0.145" /><testcase classname="backend.tests.test_driver_checkpoint" name="test_14_bastk_upload" time="0.545" /><testcase classname="backend.tests.test_driver_checkpoint" name="test_15_resi_upload" time="0.072" /><testcase classname="backend.tests.test_driver_checkpoint" name="test_16_cair_tahap_3_now_ok" time="0.084" /><testcase classname="backend.tests.test_driver_checkpoint" name="test_17_cair_gates_on_fresh_trip" time="0.180" /><testcase classname="backend.tests.test_driver_checkpoint" name="test_18_cleanup" time="0.074" /><testcase classname="backend.tests.test_driver_checkpoint" name="test_19_init_trip_with_tipe_rangka_legs" time="0.136" /><testcase classname="backend.tests.test_driver_checkpoint" name="test_20_xendit_disburse_mocked" time="0.151" /><testcase classname="backend.tests.test_driver_checkpoint" name="test_21_xendit_disburse_invalid_tahap" time="0.113" /><testcase classname="backend.tests.test_driver_checkpoint" name="test_22_xendit_disburse_trip_not_found" time="0.066" /><testcase classname="backend.tests.test_driver_checkpoint" name="test_23_initial_complete_no_crash_without_webhook" time="0.511" /><testcase classname="backend.tests.test_driver_checkpoint" name="test_24_handover_complete_sets_odoo_synced_idempotent" time="0.334" /><testcase classname="backend.tests.test_driver_checkpoint" name="test_25_cair_sets_odoo_synced_cair_n" time="1.023" /><testcase classname="backend.tests.test_driver_checkpoint" name="test_26_init_new_trip_has_album_field" time="0.088" /><testcase classname="backend.tests.test_driver_checkpoint" name="test_27_init_existing_legacy_backfills_album" time="0.150" /><testcase classname="backend.tests.test_driver_checkpoint" name="test_28_album_upload_asal_image" time="0.083" /><testcase classname="backend.tests.test_driver_checkpoint" name="test_29_album_dokumen_accepts_pdf" time="0.084" /><testcase classname="backend.tests.test_driver_checkpoint" name="test_30_album_non_dokumen_rejects_pdf[asal]" time="0.083" /><testcase classname="backend.tests.test_driver_checkpoint" name="test_30_album_non_dokumen_rejects_pdf[kapal]" time="0.068" /><testcase classname="backend.tests.test_driver_checkpoint" name="test_30_album_non_dokumen_rejects_pdf[tujuan]" time="0.066" /><testcase classname="backend.tests.test_driver_checkpoint" name="test_31_album_invalid_stage_400" time="0.057" /><testcase classname="backend.tests.test_driver_checkpoint" name="test_32_album_trip_not_found_404" time="0.075" /><testcase classname="backend.tests.test_driver_checkpoint" name="test_33_album_delete_photo" time="0.186" /><testcase classname="backend.tests.test_driver_checkpoint" name="test_34_public_trip_view_filters_fields" time="0.061" /><testcase classname="backend.tests.test_driver_checkpoint" name="test_35_public_trip_not_found_404" time="0.062" /><testcase classname="backend.tests.test_driver_checkpoint" name="test_36_initial_bbm_slot_rejected_400" time="0.201" /><testcase classname="backend.tests.test_driver_checkpoint" name="test_37_cair1_blocked_until_5_slots_complete" time="0.693" /><testcase classname="backend.tests.test_driver_checkpoint" name="test_38_public_initial_complete_true_at_5" time="0.549" /><testcase classname="backend.tests.test_driver_checkpoint" name="test_39_legacy_trip_with_bbm_still_readable" time="0.548" /><testcase classname="backend.tests.test_driver_checkpoint" name="test_40_seed_trip_v23_demo_for_fe" time="0.127" /><testcase classname="backend.tests.test_iteration6_pod" name="test_v24_root_returns_2_4" time="0.318" /><testcase classname="backend.tests.test_iteration6_pod" name="test_daily_upload_without_latlng_backward_compat" time="0.203" /><testcase classname="backend.tests.test_iteration6_pod" name="test_daily_upload_with_latlng_persists_float" time="0.283" /><testcase classname="backend.tests.test_iteration6_pod" name="test_public_returns_daily_checkpoints_array_with_gps" time="0.264" /><testcase classname="backend.tests.test_iteration6_pod" name="test_public_old_entry_without_gps_remains_valid" time="0.280" /><testcase classname="backend.tests.test_iteration6_pod" name="test_seed_trip_pod_demo" time="0.330" /><testcase classname="backend.tests.test_iteration6_pod" name="test_integration_doc_exists" time="0.016" /><testcase classname="backend.tests.test_iteration7_v25" name="test_daily_without_status_keterangan_backward_compat" time="0.361" /><testcase classname="backend.tests.test_iteration7_v25" name="test_daily_with_valid_status_and_keterangan" time="0.171" /><testcase classname="backend.tests.test_iteration7_v25" name="test_daily_invalid_status_silently_filtered" time="0.184" /><testcase classname="backend.tests.test_iteration7_v25" name="test_daily_all_valid_status_values[Berangkat]" time="0.175" /><testcase classname="backend.tests.test_iteration7_v25" name="test_daily_all_valid_status_values[Checkpoint 1]" time="0.178" /><testcase classname="backend.tests.test_iteration7_v25" name="test_daily_all_valid_status_values[Checkpoint 2]" time="0.145" /><testcase classname="backend.tests.test_iteration7_v25" name="test_daily_all_valid_status_values[Checkpoint 3]" time="0.119" /><testcase classname="backend.tests.test_iteration7_v25" name="test_daily_all_valid_status_values[Tiba Tujuan]" time="0.154" /><testcase classname="backend.tests.test_iteration7_v25" name="test_daily_keterangan_max_300_chars" time="0.148" /><testcase classname="backend.tests.test_iteration7_v25" name="test_public_endpoint_exposes_status_keterangan" time="0.349" /><testcase classname="backend.tests.test_iteration7_v25" name="test_seed_trip_pod_demo_has_status_keterangan" time="0.214" /><testcase classname="backend.tests.test_orders_v26b.TestCreateOrder" name="test_valid_minimal" time="0.202" /><testcase classname="backend.tests.test_orders_v26b.TestCreateOrder" name="test_valid_empty_vehicle_type" time="0.052" /><testcase classname="backend.tests.test_orders_v26b.TestCreateOrder" name="test_invalid_vehicle_type" time="0.085" /><testcase classname="backend.tests.test_orders_v26b.TestCreateOrder" name="test_missing_required[asal_kota]" time="0.051" /><testcase classname="backend.tests.test_orders_v26b.TestCreateOrder" name="test_missing_required[tujuan_kota]" time="0.052" /><testcase classname="backend.tests.test_orders_v26b.TestCreateOrder" name="test_missing_required[customer_nama]" time="0.052" /><testcase classname="backend.tests.test_orders_v26b.TestCreateOrder" name="test_missing_required[customer_hp]" time="0.052" /><testcase classname="backend.tests.test_orders_v26b.TestCreateOrder" name="test_truncation" time="0.067" /><testcase classname="backend.tests.test_orders_v26b.TestListOrders" name="test_list_default" time="0.059" /><testcase classname="backend.tests.test_orders_v26b.TestListOrders" name="test_list_limit" time="0.055" /><testcase classname="backend.tests.test_orders_v26b.TestListOrders" name="test_list_filter_status_new" time="0.076" /><testcase classname="backend.tests.test_orders_v26b.TestListOrders" name="test_list_filter_status_no_match" time="0.063" /><testcase classname="backend.tests.test_orders_v26b.TestGetOrder" name="test_get_existing" time="0.126" /><testcase classname="backend.tests.test_orders_v26b.TestGetOrder" name="test_get_404" time="0.068" /><testcase classname="backend.tests.test_orders_v26b.TestOdooPing" name="test_ping_returns_disabled_when_no_env" time="0.058" /><testcase classname="backend.tests.test_orders_v26b.TestRegression" name="test_root_v26b" time="0.056" /><testcase classname="backend.tests.test_orders_v26b.TestRegression" name="test_trip_get_demo" time="0.060" /><testcase classname="backend.tests.test_orders_v26b.TestRegression" name="test_public_demo" time="0.064" /><testcase classname="backend.tests.test_orders_v26b.TestRegression" name="test_trip_init_idempotent" time="0.124" /></testsuite></testsuites>