<?xml version="1.0" encoding="utf-8"?><testsuites name="pytest tests"><testsuite name="pytest" errors="0" failures="0" skipped="0" tests="130" time="28.460" timestamp="2026-06-22T11:25:15.473966+00:00" hostname="agent-env-536e15fb-4883-4a49-a914-6ee10e38b517"><testcase classname="backend.tests.test_admin_v26d.TestAdminAuth" name="test_auth_correct_pin" time="0.215" /><testcase classname="backend.tests.test_admin_v26d.TestAdminAuth" name="test_auth_wrong_pin" time="0.219" /><testcase classname="backend.tests.test_admin_v26d.TestAdminAuth" name="test_auth_empty_pin" time="0.183" /><testcase classname="backend.tests.test_admin_v26d.TestAdminGuard" name="test_stats_without_pin" time="0.204" /><testcase classname="backend.tests.test_admin_v26d.TestAdminGuard" name="test_stats_with_wrong_pin" time="0.242" /><testcase classname="backend.tests.test_admin_v26d.TestAdminGuard" name="test_orders_without_pin" time="0.274" /><testcase classname="backend.tests.test_admin_v26d.TestAdminGuard" name="test_patch_without_pin" time="0.255" /><testcase classname="backend.tests.test_admin_v26d.TestAdminStats" name="test_stats_shape" time="1.013" /><testcase classname="backend.tests.test_admin_v26d.TestAdminOrdersList" name="test_list_returns_items" time="0.217" /><testcase classname="backend.tests.test_admin_v26d.TestAdminOrdersList" name="test_filter_status_new" time="0.310" /><testcase classname="backend.tests.test_admin_v26d.TestAdminOrdersList" name="test_filter_status_invalid_returns_all" time="0.257" /><testcase classname="backend.tests.test_admin_v26d.TestAdminOrdersList" name="test_search_by_customer_name" time="0.262" /><testcase classname="backend.tests.test_admin_v26d.TestAdminOrdersList" name="test_search_case_insensitive" time="0.227" /><testcase classname="backend.tests.test_admin_v26d.TestAdminOrdersList" name="test_search_by_nopol" time="0.256" /><testcase classname="backend.tests.test_admin_v26d.TestAdminOrdersList" name="test_search_by_order_id" time="0.295" /><testcase classname="backend.tests.test_admin_v26d.TestAdminOrdersList" name="test_limit_clamp" time="0.275" /><testcase classname="backend.tests.test_admin_v26d.TestAdminPatchOrder" name="test_patch_status_persists" time="0.636" /><testcase classname="backend.tests.test_admin_v26d.TestAdminPatchOrder" name="test_patch_invalid_status" time="0.279" /><testcase classname="backend.tests.test_admin_v26d.TestAdminPatchOrder" name="test_patch_unknown_order" time="0.209" /><testcase classname="backend.tests.test_admin_v26d.TestAdminPatchOrder" name="test_patch_empty_body_400" time="0.188" /><testcase classname="backend.tests.test_admin_v26d.TestAdminPatchOrder" name="test_patch_driver_id_and_catatan" time="0.187" /><testcase classname="backend.tests.test_admin_v26d.TestAdminPatchOrder" name="test_convert_then_patch_mirrors_driver_to_trip" time="0.873" /><testcase classname="backend.tests.test_admin_v26d.TestPublicRegression" name="test_root_version" time="0.160" /><testcase classname="backend.tests.test_admin_v26d.TestPublicRegression" name="test_create_order_no_pin" time="0.655" /><testcase classname="backend.tests.test_bastk_v26a" name="test_invalid_vehicle_type_returns_400" time="0.346" /><testcase classname="backend.tests.test_bastk_v26a" name="test_valid_vehicle_type_saved" time="0.392" /><testcase classname="backend.tests.test_bastk_v26a" name="test_all_20_vehicle_types_accepted" time="4.170" /><testcase classname="backend.tests.test_bastk_v26a" name="test_damage_marks_invalid_code_filtered" time="0.173" /><testcase classname="backend.tests.test_bastk_v26a" name="test_damage_marks_xy_clamped" time="0.196" /><testcase classname="backend.tests.test_bastk_v26a" name="test_all_6_damage_codes_valid" time="0.229" /><testcase classname="backend.tests.test_bastk_v26a" name="test_customer_data_whitelist_and_truncate" time="0.219" /><testcase classname="backend.tests.test_bastk_v26a" name="test_signatures_dataurl_only" time="0.171" /><testcase classname="backend.tests.test_bastk_v26a" name="test_catatan_truncate_500" time="0.182" /><testcase classname="backend.tests.test_bastk_v26a" name="test_public_endpoint_exposes_bastk_fields" time="0.444" /><testcase classname="backend.tests.test_bastk_v26a" name="test_bastk_unknown_trip_404" time="0.184" /><testcase classname="backend.tests.test_bastk_v26a" name="test_regression_get_trip_works" time="0.212" /><testcase classname="backend.tests.test_bastk_v26a" name="test_regression_trip_init_idempotent" time="0.171" /><testcase classname="backend.tests.test_bastk_v26a" name="test_regression_public_endpoint_basic_fields" time="0.205" /><testcase classname="backend.tests.test_driver_checkpoint" name="test_01_root" time="0.205" /><testcase classname="backend.tests.test_driver_checkpoint" name="test_02_init_trip_new" time="0.058" /><testcase classname="backend.tests.test_driver_checkpoint" name="test_03_init_trip_idempotent" time="0.055" /><testcase classname="backend.tests.test_driver_checkpoint" name="test_04_get_trip" time="0.048" /><testcase classname="backend.tests.test_driver_checkpoint" name="test_05_get_trip_404" time="0.046" /><testcase classname="backend.tests.test_driver_checkpoint" name="test_06_set_driver_name" time="0.067" /><testcase classname="backend.tests.test_driver_checkpoint" name="test_07_sop_read" time="0.120" /><testcase classname="backend.tests.test_driver_checkpoint" name="test_08_upload_5_initial_and_auto_cair" time="0.401" /><testcase classname="backend.tests.test_driver_checkpoint" name="test_09_upload_initial_bad_slot" time="0.048" /><testcase classname="backend.tests.test_driver_checkpoint" name="test_10_static_file_served" time="0.106" /><testcase classname="backend.tests.test_driver_checkpoint" name="test_11_daily_upload" time="0.101" /><testcase classname="backend.tests.test_driver_checkpoint" name="test_12_daily_duplicate_same_day_409" time="0.045" /><testcase classname="backend.tests.test_driver_checkpoint" name="test_13_delete_today_daily" time="0.099" /><testcase classname="backend.tests.test_driver_checkpoint" name="test_14_bastk_upload" time="0.385" /><testcase classname="backend.tests.test_driver_checkpoint" name="test_15_resi_upload" time="0.064" /><testcase classname="backend.tests.test_driver_checkpoint" name="test_16_cair_tahap_3_now_ok" time="0.061" /><testcase classname="backend.tests.test_driver_checkpoint" name="test_17_cair_gates_on_fresh_trip" time="0.155" /><testcase classname="backend.tests.test_driver_checkpoint" name="test_18_cleanup" time="0.053" /><testcase classname="backend.tests.test_driver_checkpoint" name="test_19_init_trip_with_tipe_rangka_legs" time="0.111" /><testcase classname="backend.tests.test_driver_checkpoint" name="test_20_xendit_disburse_mocked" time="0.108" /><testcase classname="backend.tests.test_driver_checkpoint" name="test_21_xendit_disburse_invalid_tahap" time="0.087" /><testcase classname="backend.tests.test_driver_checkpoint" name="test_22_xendit_disburse_trip_not_found" time="0.050" /><testcase classname="backend.tests.test_driver_checkpoint" name="test_23_initial_complete_no_crash_without_webhook" time="0.333" /><testcase classname="backend.tests.test_driver_checkpoint" name="test_24_handover_complete_sets_odoo_synced_idempotent" time="0.241" /><testcase classname="backend.tests.test_driver_checkpoint" name="test_25_cair_sets_odoo_synced_cair_n" time="0.665" /><testcase classname="backend.tests.test_driver_checkpoint" name="test_26_init_new_trip_has_album_field" time="0.049" /><testcase classname="backend.tests.test_driver_checkpoint" name="test_27_init_existing_legacy_backfills_album" time="0.096" /><testcase classname="backend.tests.test_driver_checkpoint" name="test_28_album_upload_asal_image" time="0.057" /><testcase classname="backend.tests.test_driver_checkpoint" name="test_29_album_dokumen_accepts_pdf" time="0.055" /><testcase classname="backend.tests.test_driver_checkpoint" name="test_30_album_non_dokumen_rejects_pdf[asal]" time="0.049" /><testcase classname="backend.tests.test_driver_checkpoint" name="test_30_album_non_dokumen_rejects_pdf[kapal]" time="0.049" /><testcase classname="backend.tests.test_driver_checkpoint" name="test_30_album_non_dokumen_rejects_pdf[tujuan]" time="0.045" /><testcase classname="backend.tests.test_driver_checkpoint" name="test_31_album_invalid_stage_400" time="0.043" /><testcase classname="backend.tests.test_driver_checkpoint" name="test_32_album_trip_not_found_404" time="0.086" /><testcase classname="backend.tests.test_driver_checkpoint" name="test_33_album_delete_photo" time="0.106" /><testcase classname="backend.tests.test_driver_checkpoint" name="test_34_public_trip_view_filters_fields" time="0.046" /><testcase classname="backend.tests.test_driver_checkpoint" name="test_35_public_trip_not_found_404" time="0.051" /><testcase classname="backend.tests.test_driver_checkpoint" name="test_36_initial_bbm_slot_rejected_400" time="0.147" /><testcase classname="backend.tests.test_driver_checkpoint" name="test_37_cair1_blocked_until_5_slots_complete" time="0.478" /><testcase classname="backend.tests.test_driver_checkpoint" name="test_38_public_initial_complete_true_at_5" time="0.465" /><testcase classname="backend.tests.test_driver_checkpoint" name="test_39_legacy_trip_with_bbm_still_readable" time="0.421" /><testcase classname="backend.tests.test_driver_checkpoint" name="test_40_seed_trip_v23_demo_for_fe" time="0.097" /><testcase classname="backend.tests.test_iteration6_pod" name="test_v24_root_returns_2_4" time="0.221" /><testcase classname="backend.tests.test_iteration6_pod" name="test_daily_upload_without_latlng_backward_compat" time="0.160" /><testcase classname="backend.tests.test_iteration6_pod" name="test_daily_upload_with_latlng_persists_float" time="0.225" /><testcase classname="backend.tests.test_iteration6_pod" name="test_public_returns_daily_checkpoints_array_with_gps" time="0.221" /><testcase classname="backend.tests.test_iteration6_pod" name="test_public_old_entry_without_gps_remains_valid" time="0.314" /><testcase classname="backend.tests.test_iteration6_pod" name="test_seed_trip_pod_demo" time="0.291" /><testcase classname="backend.tests.test_iteration6_pod" name="test_integration_doc_exists" time="0.004" /><testcase classname="backend.tests.test_iteration7_v25" name="test_daily_without_status_keterangan_backward_compat" time="0.239" /><testcase classname="backend.tests.test_iteration7_v25" name="test_daily_with_valid_status_and_keterangan" time="0.135" /><testcase classname="backend.tests.test_iteration7_v25" name="test_daily_invalid_status_silently_filtered" time="0.130" /><testcase classname="backend.tests.test_iteration7_v25" name="test_daily_all_valid_status_values[Berangkat]" time="0.122" /><testcase classname="backend.tests.test_iteration7_v25" name="test_daily_all_valid_status_values[Checkpoint 1]" time="0.122" /><testcase classname="backend.tests.test_iteration7_v25" name="test_daily_all_valid_status_values[Checkpoint 2]" time="0.123" /><testcase classname="backend.tests.test_iteration7_v25" name="test_daily_all_valid_status_values[Checkpoint 3]" time="0.159" /><testcase classname="backend.tests.test_iteration7_v25" name="test_daily_all_valid_status_values[Tiba Tujuan]" time="0.128" /><testcase classname="backend.tests.test_iteration7_v25" name="test_daily_keterangan_max_300_chars" time="0.134" /><testcase classname="backend.tests.test_iteration7_v25" name="test_public_endpoint_exposes_status_keterangan" time="0.205" /><testcase classname="backend.tests.test_iteration7_v25" name="test_seed_trip_pod_demo_has_status_keterangan" time="0.217" /><testcase classname="backend.tests.test_orders_v26b.TestCreateOrder" name="test_valid_minimal" time="0.184" /><testcase classname="backend.tests.test_orders_v26b.TestCreateOrder" name="test_valid_empty_vehicle_type" time="0.053" /><testcase classname="backend.tests.test_orders_v26b.TestCreateOrder" name="test_invalid_vehicle_type" time="0.248" /><testcase classname="backend.tests.test_orders_v26b.TestCreateOrder" name="test_missing_required[asal_kota]" time="0.046" /><testcase classname="backend.tests.test_orders_v26b.TestCreateOrder" name="test_missing_required[tujuan_kota]" time="0.050" /><testcase classname="backend.tests.test_orders_v26b.TestCreateOrder" name="test_missing_required[customer_nama]" time="0.081" /><testcase classname="backend.tests.test_orders_v26b.TestCreateOrder" name="test_missing_required[customer_hp]" time="0.049" /><testcase classname="backend.tests.test_orders_v26b.TestCreateOrder" name="test_truncation" time="0.048" /><testcase classname="backend.tests.test_orders_v26b.TestListOrders" name="test_list_default" time="0.061" /><testcase classname="backend.tests.test_orders_v26b.TestListOrders" name="test_list_limit" time="0.051" /><testcase classname="backend.tests.test_orders_v26b.TestListOrders" name="test_list_filter_status_new" time="0.057" /><testcase classname="backend.tests.test_orders_v26b.TestListOrders" name="test_list_filter_status_no_match" time="0.050" /><testcase classname="backend.tests.test_orders_v26b.TestGetOrder" name="test_get_existing" time="0.100" /><testcase classname="backend.tests.test_orders_v26b.TestGetOrder" name="test_get_404" time="0.047" /><testcase classname="backend.tests.test_orders_v26b.TestOdooPing" name="test_ping_returns_disabled_when_no_env" time="0.053" /><testcase classname="backend.tests.test_orders_v26b.TestRegression" name="test_root_v26b" time="0.041" /><testcase classname="backend.tests.test_orders_v26b.TestRegression" name="test_trip_get_demo" time="0.051" /><testcase classname="backend.tests.test_orders_v26b.TestRegression" name="test_public_demo" time="0.047" /><testcase classname="backend.tests.test_orders_v26b.TestRegression" name="test_trip_init_idempotent" time="0.102" /><testcase classname="backend.tests.test_orders_v26c_convert.TestConvertOrderHappy" name="test_convert_default_trip_id" time="0.371" /><testcase classname="backend.tests.test_orders_v26c_convert.TestConvertOrderHappy" name="test_convert_idempotent" time="0.169" /><testcase classname="backend.tests.test_orders_v26c_convert.TestConvertOrderHappy" name="test_convert_custom_trip_id" time="0.157" /><testcase classname="backend.tests.test_orders_v26c_convert.TestConvertOrderHappy" name="test_convert_payload_fields_propagated" time="0.109" /><testcase classname="backend.tests.test_orders_v26c_convert.TestConvertOrderHappy" name="test_convert_no_nopol_uses_fallback" time="0.108" /><testcase classname="backend.tests.test_orders_v26c_convert.TestConvertErrors" name="test_convert_404_unknown_order" time="0.048" /><testcase classname="backend.tests.test_orders_v26c_convert.TestConvertErrors" name="test_convert_409_trip_id_collision" time="0.161" /><testcase classname="backend.tests.test_orders_v26c_convert.TestOdooSyncStub" name="test_odoo_ping_disabled_no_env" time="0.045" /><testcase classname="backend.tests.test_orders_v26c_convert.TestOdooSyncStub" name="test_convert_does_not_raise_with_empty_odoo_env" time="0.654" /><testcase classname="backend.tests.test_orders_v26c_convert.TestVersion" name="test_root_version_26c" time="0.080" /><testcase classname="backend.tests.test_orders_v26c_convert.TestRegression" name="test_trip_init_still_works" time="0.049" /><testcase classname="backend.tests.test_orders_v26c_convert.TestRegression" name="test_pod_demo_public" time="0.052" /><testcase classname="backend.tests.test_orders_v26c_convert.TestRegression" name="test_orders_list_still_works" time="0.049" /></testsuite></testsuites>