<?xml version="1.0" encoding="utf-8"?><testsuites name="pytest tests"><testsuite name="pytest" errors="0" failures="0" skipped="0" tests="143" time="116.016" timestamp="2026-06-22T12:25:51.076033+00:00" hostname="agent-env-536e15fb-4883-4a49-a914-6ee10e38b517"><testcase classname="backend.tests.test_admin_v26d.TestAdminAuth" name="test_auth_correct_pin" time="0.540" /><testcase classname="backend.tests.test_admin_v26d.TestAdminAuth" name="test_auth_wrong_pin" time="0.455" /><testcase classname="backend.tests.test_admin_v26d.TestAdminAuth" name="test_auth_empty_pin" time="0.394" /><testcase classname="backend.tests.test_admin_v26d.TestAdminGuard" name="test_stats_without_pin" time="0.386" /><testcase classname="backend.tests.test_admin_v26d.TestAdminGuard" name="test_stats_with_wrong_pin" time="0.385" /><testcase classname="backend.tests.test_admin_v26d.TestAdminGuard" name="test_orders_without_pin" time="0.548" /><testcase classname="backend.tests.test_admin_v26d.TestAdminGuard" name="test_patch_without_pin" time="0.502" /><testcase classname="backend.tests.test_admin_v26d.TestAdminStats" name="test_stats_shape" time="1.986" /><testcase classname="backend.tests.test_admin_v26d.TestAdminOrdersList" name="test_list_returns_items" time="0.503" /><testcase classname="backend.tests.test_admin_v26d.TestAdminOrdersList" name="test_filter_status_new" time="0.574" /><testcase classname="backend.tests.test_admin_v26d.TestAdminOrdersList" name="test_filter_status_invalid_returns_all" time="0.552" /><testcase classname="backend.tests.test_admin_v26d.TestAdminOrdersList" name="test_search_by_customer_name" time="0.553" /><testcase classname="backend.tests.test_admin_v26d.TestAdminOrdersList" name="test_search_case_insensitive" time="0.399" /><testcase classname="backend.tests.test_admin_v26d.TestAdminOrdersList" name="test_search_by_nopol" time="0.431" /><testcase classname="backend.tests.test_admin_v26d.TestAdminOrdersList" name="test_search_by_order_id" time="0.481" /><testcase classname="backend.tests.test_admin_v26d.TestAdminOrdersList" name="test_limit_clamp" time="0.655" /><testcase classname="backend.tests.test_admin_v26d.TestAdminPatchOrder" name="test_patch_status_persists" time="0.983" /><testcase classname="backend.tests.test_admin_v26d.TestAdminPatchOrder" name="test_patch_invalid_status" time="0.469" /><testcase classname="backend.tests.test_admin_v26d.TestAdminPatchOrder" name="test_patch_unknown_order" time="0.371" /><testcase classname="backend.tests.test_admin_v26d.TestAdminPatchOrder" name="test_patch_empty_body_400" time="0.472" /><testcase classname="backend.tests.test_admin_v26d.TestAdminPatchOrder" name="test_patch_driver_id_and_catatan" time="0.543" /><testcase classname="backend.tests.test_admin_v26d.TestAdminPatchOrder" name="test_convert_then_patch_mirrors_driver_to_trip" time="2.538" /><testcase classname="backend.tests.test_admin_v26d.TestPublicRegression" name="test_root_version" time="0.612" /><testcase classname="backend.tests.test_admin_v26d.TestPublicRegression" name="test_create_order_no_pin" time="0.456" /><testcase classname="backend.tests.test_admin_v26d.TestCsvExport" name="test_export_unauth" time="0.594" /><testcase classname="backend.tests.test_admin_v26d.TestCsvExport" name="test_export_returns_csv" time="1.187" /><testcase classname="backend.tests.test_admin_v26d.TestCsvExport" name="test_export_includes_test_customer" time="0.495" /><testcase classname="backend.tests.test_admin_v26d.TestCsvExport" name="test_export_status_filter" time="0.474" /><testcase classname="backend.tests.test_admin_v26d.TestCsvExport" name="test_export_q_filter_match" time="0.312" /><testcase classname="backend.tests.test_admin_v26d.TestCsvExport" name="test_export_q_filter_no_match" time="0.430" /><testcase classname="backend.tests.test_admin_v26d.TestCsvExport" name="test_export_limit_clamp" time="0.425" /><testcase classname="backend.tests.test_admin_v26d.TestAdminDateFilter" name="test_date_filter_today_returns_recent_orders" time="0.464" /><testcase classname="backend.tests.test_admin_v26d.TestAdminDateFilter" name="test_date_filter_past_date_to_zero_results" time="0.471" /><testcase classname="backend.tests.test_admin_v26d.TestAdminDateFilter" name="test_date_filter_bad_format_does_not_crash" time="0.875" /><testcase classname="backend.tests.test_admin_v26d.TestAdminDateFilter" name="test_date_filter_empty_params_behave_like_no_filter" time="0.502" /><testcase classname="backend.tests.test_admin_v26d.TestAdminDateFilter" name="test_export_csv_date_filter_today_inclusive" time="0.378" /><testcase classname="backend.tests.test_admin_v26d.TestAdminDateFilter" name="test_export_csv_date_filter_past_returns_only_header" time="2.121" /><testcase classname="backend.tests.test_bastk_v26a" name="test_invalid_vehicle_type_returns_400" time="1.044" /><testcase classname="backend.tests.test_bastk_v26a" name="test_valid_vehicle_type_saved" time="1.408" /><testcase classname="backend.tests.test_bastk_v26a" name="test_all_20_vehicle_types_accepted" time="9.837" /><testcase classname="backend.tests.test_bastk_v26a" name="test_damage_marks_invalid_code_filtered" time="0.521" /><testcase classname="backend.tests.test_bastk_v26a" name="test_damage_marks_xy_clamped" time="0.420" /><testcase classname="backend.tests.test_bastk_v26a" name="test_all_6_damage_codes_valid" time="0.385" /><testcase classname="backend.tests.test_bastk_v26a" name="test_customer_data_whitelist_and_truncate" time="0.345" /><testcase classname="backend.tests.test_bastk_v26a" name="test_signatures_dataurl_only" time="0.437" /><testcase classname="backend.tests.test_bastk_v26a" name="test_catatan_truncate_500" time="0.472" /><testcase classname="backend.tests.test_bastk_v26a" name="test_public_endpoint_exposes_bastk_fields" time="1.027" /><testcase classname="backend.tests.test_bastk_v26a" name="test_bastk_unknown_trip_404" time="0.468" /><testcase classname="backend.tests.test_bastk_v26a" name="test_regression_get_trip_works" time="0.491" /><testcase classname="backend.tests.test_bastk_v26a" name="test_regression_trip_init_idempotent" time="0.583" /><testcase classname="backend.tests.test_bastk_v26a" name="test_regression_public_endpoint_basic_fields" time="0.549" /><testcase classname="backend.tests.test_driver_checkpoint" name="test_01_root" time="0.532" /><testcase classname="backend.tests.test_driver_checkpoint" name="test_02_init_trip_new" time="0.083" /><testcase classname="backend.tests.test_driver_checkpoint" name="test_03_init_trip_idempotent" time="0.080" /><testcase classname="backend.tests.test_driver_checkpoint" name="test_04_get_trip" time="0.084" /><testcase classname="backend.tests.test_driver_checkpoint" name="test_05_get_trip_404" time="0.075" /><testcase classname="backend.tests.test_driver_checkpoint" name="test_06_set_driver_name" time="0.099" /><testcase classname="backend.tests.test_driver_checkpoint" name="test_07_sop_read" time="0.158" /><testcase classname="backend.tests.test_driver_checkpoint" name="test_08_upload_5_initial_and_auto_cair" time="0.577" /><testcase classname="backend.tests.test_driver_checkpoint" name="test_09_upload_initial_bad_slot" time="0.092" /><testcase classname="backend.tests.test_driver_checkpoint" name="test_10_static_file_served" time="0.214" /><testcase classname="backend.tests.test_driver_checkpoint" name="test_11_daily_upload" time="0.307" /><testcase classname="backend.tests.test_driver_checkpoint" name="test_12_daily_duplicate_same_day_409" time="0.087" /><testcase classname="backend.tests.test_driver_checkpoint" name="test_13_delete_today_daily" time="0.220" /><testcase classname="backend.tests.test_driver_checkpoint" name="test_14_bastk_upload" time="0.858" /><testcase classname="backend.tests.test_driver_checkpoint" name="test_15_resi_upload" time="0.140" /><testcase classname="backend.tests.test_driver_checkpoint" name="test_16_cair_tahap_3_now_ok" time="0.108" /><testcase classname="backend.tests.test_driver_checkpoint" name="test_17_cair_gates_on_fresh_trip" time="0.264" /><testcase classname="backend.tests.test_driver_checkpoint" name="test_18_cleanup" time="0.087" /><testcase classname="backend.tests.test_driver_checkpoint" name="test_19_init_trip_with_tipe_rangka_legs" time="0.193" /><testcase classname="backend.tests.test_driver_checkpoint" name="test_20_xendit_disburse_mocked" time="0.190" /><testcase classname="backend.tests.test_driver_checkpoint" name="test_21_xendit_disburse_invalid_tahap" time="0.141" /><testcase classname="backend.tests.test_driver_checkpoint" name="test_22_xendit_disburse_trip_not_found" time="0.081" /><testcase classname="backend.tests.test_driver_checkpoint" name="test_23_initial_complete_no_crash_without_webhook" time="0.680" /><testcase classname="backend.tests.test_driver_checkpoint" name="test_24_handover_complete_sets_odoo_synced_idempotent" time="0.428" /><testcase classname="backend.tests.test_driver_checkpoint" name="test_25_cair_sets_odoo_synced_cair_n" time="1.255" /><testcase classname="backend.tests.test_driver_checkpoint" name="test_26_init_new_trip_has_album_field" time="0.101" /><testcase classname="backend.tests.test_driver_checkpoint" name="test_27_init_existing_legacy_backfills_album" time="0.158" /><testcase classname="backend.tests.test_driver_checkpoint" name="test_28_album_upload_asal_image" time="0.100" /><testcase classname="backend.tests.test_driver_checkpoint" name="test_29_album_dokumen_accepts_pdf" time="0.096" /><testcase classname="backend.tests.test_driver_checkpoint" name="test_30_album_non_dokumen_rejects_pdf[asal]" time="0.076" /><testcase classname="backend.tests.test_driver_checkpoint" name="test_30_album_non_dokumen_rejects_pdf[kapal]" time="0.092" /><testcase classname="backend.tests.test_driver_checkpoint" name="test_30_album_non_dokumen_rejects_pdf[tujuan]" time="0.081" /><testcase classname="backend.tests.test_driver_checkpoint" name="test_31_album_invalid_stage_400" time="0.058" /><testcase classname="backend.tests.test_driver_checkpoint" name="test_32_album_trip_not_found_404" time="0.072" /><testcase classname="backend.tests.test_driver_checkpoint" name="test_33_album_delete_photo" time="0.173" /><testcase classname="backend.tests.test_driver_checkpoint" name="test_34_public_trip_view_filters_fields" time="0.112" /><testcase classname="backend.tests.test_driver_checkpoint" name="test_35_public_trip_not_found_404" time="0.075" /><testcase classname="backend.tests.test_driver_checkpoint" name="test_36_initial_bbm_slot_rejected_400" time="0.213" /><testcase classname="backend.tests.test_driver_checkpoint" name="test_37_cair1_blocked_until_5_slots_complete" time="0.855" /><testcase classname="backend.tests.test_driver_checkpoint" name="test_38_public_initial_complete_true_at_5" time="0.712" /><testcase classname="backend.tests.test_driver_checkpoint" name="test_39_legacy_trip_with_bbm_still_readable" time="0.743" /><testcase classname="backend.tests.test_driver_checkpoint" name="test_40_seed_trip_v23_demo_for_fe" time="0.192" /><testcase classname="backend.tests.test_iteration6_pod" name="test_v24_root_returns_2_4" time="12.791" /><testcase classname="backend.tests.test_iteration6_pod" name="test_daily_upload_without_latlng_backward_compat" time="0.328" /><testcase classname="backend.tests.test_iteration6_pod" name="test_daily_upload_with_latlng_persists_float" time="0.362" /><testcase classname="backend.tests.test_iteration6_pod" name="test_public_returns_daily_checkpoints_array_with_gps" time="0.358" /><testcase classname="backend.tests.test_iteration6_pod" name="test_public_old_entry_without_gps_remains_valid" time="0.339" /><testcase classname="backend.tests.test_iteration6_pod" name="test_seed_trip_pod_demo" time="0.434" /><testcase classname="backend.tests.test_iteration6_pod" name="test_integration_doc_exists" time="0.015" /><testcase classname="backend.tests.test_iteration7_v25" name="test_daily_without_status_keterangan_backward_compat" time="37.448" /><testcase classname="backend.tests.test_iteration7_v25" name="test_daily_with_valid_status_and_keterangan" time="0.290" /><testcase classname="backend.tests.test_iteration7_v25" name="test_daily_invalid_status_silently_filtered" time="0.461" /><testcase classname="backend.tests.test_iteration7_v25" name="test_daily_all_valid_status_values[Berangkat]" time="0.441" /><testcase classname="backend.tests.test_iteration7_v25" name="test_daily_all_valid_status_values[Checkpoint 1]" time="0.348" /><testcase classname="backend.tests.test_iteration7_v25" name="test_daily_all_valid_status_values[Checkpoint 2]" time="0.457" /><testcase classname="backend.tests.test_iteration7_v25" name="test_daily_all_valid_status_values[Checkpoint 3]" time="0.192" /><testcase classname="backend.tests.test_iteration7_v25" name="test_daily_all_valid_status_values[Tiba Tujuan]" time="0.188" /><testcase classname="backend.tests.test_iteration7_v25" name="test_daily_keterangan_max_300_chars" time="0.226" /><testcase classname="backend.tests.test_iteration7_v25" name="test_public_endpoint_exposes_status_keterangan" time="0.260" /><testcase classname="backend.tests.test_iteration7_v25" name="test_seed_trip_pod_demo_has_status_keterangan" time="0.225" /><testcase classname="backend.tests.test_orders_v26b.TestCreateOrder" name="test_valid_minimal" time="0.599" /><testcase classname="backend.tests.test_orders_v26b.TestCreateOrder" name="test_valid_empty_vehicle_type" time="0.065" /><testcase classname="backend.tests.test_orders_v26b.TestCreateOrder" name="test_invalid_vehicle_type" time="0.049" /><testcase classname="backend.tests.test_orders_v26b.TestCreateOrder" name="test_missing_required[asal_kota]" time="0.058" /><testcase classname="backend.tests.test_orders_v26b.TestCreateOrder" name="test_missing_required[tujuan_kota]" time="0.056" /><testcase classname="backend.tests.test_orders_v26b.TestCreateOrder" name="test_missing_required[customer_nama]" time="0.059" /><testcase classname="backend.tests.test_orders_v26b.TestCreateOrder" name="test_missing_required[customer_hp]" time="0.065" /><testcase classname="backend.tests.test_orders_v26b.TestCreateOrder" name="test_truncation" time="0.058" /><testcase classname="backend.tests.test_orders_v26b.TestListOrders" name="test_list_default" time="0.179" /><testcase classname="backend.tests.test_orders_v26b.TestListOrders" name="test_list_limit" time="0.070" /><testcase classname="backend.tests.test_orders_v26b.TestListOrders" name="test_list_filter_status_new" time="0.079" /><testcase classname="backend.tests.test_orders_v26b.TestListOrders" name="test_list_filter_status_no_match" time="0.092" /><testcase classname="backend.tests.test_orders_v26b.TestGetOrder" name="test_get_existing" time="0.151" /><testcase classname="backend.tests.test_orders_v26b.TestGetOrder" name="test_get_404" time="0.074" /><testcase classname="backend.tests.test_orders_v26b.TestOdooPing" name="test_ping_returns_disabled_when_no_env" time="0.066" /><testcase classname="backend.tests.test_orders_v26b.TestRegression" name="test_root_v26b" time="0.069" /><testcase classname="backend.tests.test_orders_v26b.TestRegression" name="test_trip_get_demo" time="0.079" /><testcase classname="backend.tests.test_orders_v26b.TestRegression" name="test_public_demo" time="0.087" /><testcase classname="backend.tests.test_orders_v26b.TestRegression" name="test_trip_init_idempotent" time="0.132" /><testcase classname="backend.tests.test_orders_v26c_convert.TestConvertOrderHappy" name="test_convert_default_trip_id" time="0.629" /><testcase classname="backend.tests.test_orders_v26c_convert.TestConvertOrderHappy" name="test_convert_idempotent" time="0.272" /><testcase classname="backend.tests.test_orders_v26c_convert.TestConvertOrderHappy" name="test_convert_custom_trip_id" time="0.257" /><testcase classname="backend.tests.test_orders_v26c_convert.TestConvertOrderHappy" name="test_convert_payload_fields_propagated" time="0.229" /><testcase classname="backend.tests.test_orders_v26c_convert.TestConvertOrderHappy" name="test_convert_no_nopol_uses_fallback" time="0.188" /><testcase classname="backend.tests.test_orders_v26c_convert.TestConvertErrors" name="test_convert_404_unknown_order" time="0.080" /><testcase classname="backend.tests.test_orders_v26c_convert.TestConvertErrors" name="test_convert_409_trip_id_collision" time="0.224" /><testcase classname="backend.tests.test_orders_v26c_convert.TestOdooSyncStub" name="test_odoo_ping_disabled_no_env" time="0.079" /><testcase classname="backend.tests.test_orders_v26c_convert.TestOdooSyncStub" name="test_convert_does_not_raise_with_empty_odoo_env" time="0.802" /><testcase classname="backend.tests.test_orders_v26c_convert.TestVersion" name="test_root_version_26c" time="0.069" /><testcase classname="backend.tests.test_orders_v26c_convert.TestRegression" name="test_trip_init_still_works" time="0.108" /><testcase classname="backend.tests.test_orders_v26c_convert.TestRegression" name="test_pod_demo_public" time="0.094" /><testcase classname="backend.tests.test_orders_v26c_convert.TestRegression" name="test_orders_list_still_works" time="0.108" /></testsuite></testsuites>