<?xml version="1.0" encoding="utf-8"?><testsuites name="pytest tests"><testsuite name="pytest" errors="0" failures="0" skipped="0" tests="13" time="2.594" timestamp="2026-06-22T10:49:02.602848+00:00" hostname="agent-env-536e15fb-4883-4a49-a914-6ee10e38b517"><testcase classname="backend.tests.test_orders_v26c_convert.TestConvertOrderHappy" name="test_convert_default_trip_id" time="0.501" /><testcase classname="backend.tests.test_orders_v26c_convert.TestConvertOrderHappy" name="test_convert_idempotent" time="0.171" /><testcase classname="backend.tests.test_orders_v26c_convert.TestConvertOrderHappy" name="test_convert_custom_trip_id" time="0.184" /><testcase classname="backend.tests.test_orders_v26c_convert.TestConvertOrderHappy" name="test_convert_payload_fields_propagated" time="0.112" /><testcase classname="backend.tests.test_orders_v26c_convert.TestConvertOrderHappy" name="test_convert_no_nopol_uses_fallback" time="0.122" /><testcase classname="backend.tests.test_orders_v26c_convert.TestConvertErrors" name="test_convert_404_unknown_order" time="0.052" /><testcase classname="backend.tests.test_orders_v26c_convert.TestConvertErrors" name="test_convert_409_trip_id_collision" time="0.161" /><testcase classname="backend.tests.test_orders_v26c_convert.TestOdooSyncStub" name="test_odoo_ping_disabled_no_env" time="0.048" /><testcase classname="backend.tests.test_orders_v26c_convert.TestOdooSyncStub" name="test_convert_does_not_raise_with_empty_odoo_env" time="0.674" /><testcase classname="backend.tests.test_orders_v26c_convert.TestVersion" name="test_root_version_26c" time="0.049" /><testcase classname="backend.tests.test_orders_v26c_convert.TestRegression" name="test_trip_init_still_works" time="0.081" /><testcase classname="backend.tests.test_orders_v26c_convert.TestRegression" name="test_pod_demo_public" time="0.055" /><testcase classname="backend.tests.test_orders_v26c_convert.TestRegression" name="test_orders_list_still_works" time="0.066" /></testsuite></testsuites>