<?xml version="1.0" encoding="utf-8"?><testsuites name="pytest tests"><testsuite name="pytest" errors="0" failures="0" skipped="0" tests="19" time="2.533" timestamp="2026-06-22T10:32:51.616036+00:00" hostname="agent-env-536e15fb-4883-4a49-a914-6ee10e38b517"><testcase classname="backend.tests.test_orders_v26b.TestCreateOrder" name="test_valid_minimal" time="0.559" /><testcase classname="backend.tests.test_orders_v26b.TestCreateOrder" name="test_valid_empty_vehicle_type" time="0.074" /><testcase classname="backend.tests.test_orders_v26b.TestCreateOrder" name="test_invalid_vehicle_type" time="0.063" /><testcase classname="backend.tests.test_orders_v26b.TestCreateOrder" name="test_missing_required[asal_kota]" time="0.059" /><testcase classname="backend.tests.test_orders_v26b.TestCreateOrder" name="test_missing_required[tujuan_kota]" time="0.061" /><testcase classname="backend.tests.test_orders_v26b.TestCreateOrder" name="test_missing_required[customer_nama]" time="0.060" /><testcase classname="backend.tests.test_orders_v26b.TestCreateOrder" name="test_missing_required[customer_hp]" time="0.059" /><testcase classname="backend.tests.test_orders_v26b.TestCreateOrder" name="test_truncation" time="0.064" /><testcase classname="backend.tests.test_orders_v26b.TestListOrders" name="test_list_default" time="0.059" /><testcase classname="backend.tests.test_orders_v26b.TestListOrders" name="test_list_limit" time="0.056" /><testcase classname="backend.tests.test_orders_v26b.TestListOrders" name="test_list_filter_status_new" time="0.069" /><testcase classname="backend.tests.test_orders_v26b.TestListOrders" name="test_list_filter_status_no_match" time="0.056" /><testcase classname="backend.tests.test_orders_v26b.TestGetOrder" name="test_get_existing" time="0.140" /><testcase classname="backend.tests.test_orders_v26b.TestGetOrder" name="test_get_404" time="0.067" /><testcase classname="backend.tests.test_orders_v26b.TestOdooPing" name="test_ping_returns_disabled_when_no_env" time="0.049" /><testcase classname="backend.tests.test_orders_v26b.TestRegression" name="test_root_v26b" time="0.054" /><testcase classname="backend.tests.test_orders_v26b.TestRegression" name="test_trip_get_demo" time="0.056" /><testcase classname="backend.tests.test_orders_v26b.TestRegression" name="test_public_demo" time="0.060" /><testcase classname="backend.tests.test_orders_v26b.TestRegression" name="test_trip_init_idempotent" time="0.143" /></testsuite></testsuites>