<?xml version="1.0" encoding="utf-8"?><testsuites name="pytest tests"><testsuite name="pytest" errors="0" failures="1" skipped="0" tests="60" time="12.349" timestamp="2026-06-22T09:36:35.909559+00:00" hostname="agent-env-536e15fb-4883-4a49-a914-6ee10e38b517"><testcase classname="backend.tests.test_driver_checkpoint" name="test_01_root" time="0.467" /><testcase classname="backend.tests.test_driver_checkpoint" name="test_02_init_trip_new" time="0.107" /><testcase classname="backend.tests.test_driver_checkpoint" name="test_03_init_trip_idempotent" time="0.057" /><testcase classname="backend.tests.test_driver_checkpoint" name="test_04_get_trip" time="0.051" /><testcase classname="backend.tests.test_driver_checkpoint" name="test_05_get_trip_404" time="0.048" /><testcase classname="backend.tests.test_driver_checkpoint" name="test_06_set_driver_name" time="0.058" /><testcase classname="backend.tests.test_driver_checkpoint" name="test_07_sop_read" time="0.102" /><testcase classname="backend.tests.test_driver_checkpoint" name="test_08_upload_5_initial_and_auto_cair" time="0.305" /><testcase classname="backend.tests.test_driver_checkpoint" name="test_09_upload_initial_bad_slot" time="0.048" /><testcase classname="backend.tests.test_driver_checkpoint" name="test_10_static_file_served" time="0.152" /><testcase classname="backend.tests.test_driver_checkpoint" name="test_11_daily_upload" time="0.120" /><testcase classname="backend.tests.test_driver_checkpoint" name="test_12_daily_duplicate_same_day_409" time="0.053" /><testcase classname="backend.tests.test_driver_checkpoint" name="test_13_delete_today_daily" time="0.136" /><testcase classname="backend.tests.test_driver_checkpoint" name="test_14_bastk_upload" time="0.510" /><testcase classname="backend.tests.test_driver_checkpoint" name="test_15_resi_upload" time="0.053" /><testcase classname="backend.tests.test_driver_checkpoint" name="test_16_cair_tahap_3_now_ok" time="0.053" /><testcase classname="backend.tests.test_driver_checkpoint" name="test_17_cair_gates_on_fresh_trip" time="0.195" /><testcase classname="backend.tests.test_driver_checkpoint" name="test_18_cleanup" time="0.053" /><testcase classname="backend.tests.test_driver_checkpoint" name="test_19_init_trip_with_tipe_rangka_legs" time="0.109" /><testcase classname="backend.tests.test_driver_checkpoint" name="test_20_xendit_disburse_mocked" time="0.348" /><testcase classname="backend.tests.test_driver_checkpoint" name="test_21_xendit_disburse_invalid_tahap" time="0.127" /><testcase classname="backend.tests.test_driver_checkpoint" name="test_22_xendit_disburse_trip_not_found" time="0.064" /><testcase classname="backend.tests.test_driver_checkpoint" name="test_23_initial_complete_no_crash_without_webhook" time="0.889" /><testcase classname="backend.tests.test_driver_checkpoint" name="test_24_handover_complete_sets_odoo_synced_idempotent" time="0.416" /><testcase classname="backend.tests.test_driver_checkpoint" name="test_25_cair_sets_odoo_synced_cair_n" time="1.110" /><testcase classname="backend.tests.test_driver_checkpoint" name="test_26_init_new_trip_has_album_field" time="0.086" /><testcase classname="backend.tests.test_driver_checkpoint" name="test_27_init_existing_legacy_backfills_album" time="0.131" /><testcase classname="backend.tests.test_driver_checkpoint" name="test_28_album_upload_asal_image" time="0.054" /><testcase classname="backend.tests.test_driver_checkpoint" name="test_29_album_dokumen_accepts_pdf" time="0.053" /><testcase classname="backend.tests.test_driver_checkpoint" name="test_30_album_non_dokumen_rejects_pdf[asal]" time="0.048" /><testcase classname="backend.tests.test_driver_checkpoint" name="test_30_album_non_dokumen_rejects_pdf[kapal]" time="0.044" /><testcase classname="backend.tests.test_driver_checkpoint" name="test_30_album_non_dokumen_rejects_pdf[tujuan]" time="0.044" /><testcase classname="backend.tests.test_driver_checkpoint" name="test_31_album_invalid_stage_400" time="0.042" /><testcase classname="backend.tests.test_driver_checkpoint" name="test_32_album_trip_not_found_404" time="0.045" /><testcase classname="backend.tests.test_driver_checkpoint" name="test_33_album_delete_photo" time="0.140" /><testcase classname="backend.tests.test_driver_checkpoint" name="test_34_public_trip_view_filters_fields" time="0.062" /><testcase classname="backend.tests.test_driver_checkpoint" name="test_35_public_trip_not_found_404" time="0.041" /><testcase classname="backend.tests.test_driver_checkpoint" name="test_36_initial_bbm_slot_rejected_400" time="0.570" /><testcase classname="backend.tests.test_driver_checkpoint" name="test_37_cair1_blocked_until_5_slots_complete" time="0.637" /><testcase classname="backend.tests.test_driver_checkpoint" name="test_38_public_initial_complete_true_at_5" time="0.484" /><testcase classname="backend.tests.test_driver_checkpoint" name="test_39_legacy_trip_with_bbm_still_readable" time="0.420" /><testcase classname="backend.tests.test_driver_checkpoint" name="test_40_seed_trip_v23_demo_for_fe" time="0.104" /><testcase classname="backend.tests.test_iteration6_pod" name="test_v24_root_returns_2_4" time="0.243" /><testcase classname="backend.tests.test_iteration6_pod" name="test_daily_upload_without_latlng_backward_compat" time="0.180" /><testcase classname="backend.tests.test_iteration6_pod" name="test_daily_upload_with_latlng_persists_float" time="0.230" /><testcase classname="backend.tests.test_iteration6_pod" name="test_public_returns_daily_checkpoints_array_with_gps" time="0.239" /><testcase classname="backend.tests.test_iteration6_pod" name="test_public_old_entry_without_gps_remains_valid" time="0.228" /><testcase classname="backend.tests.test_iteration6_pod" name="test_seed_trip_pod_demo" time="0.256" /><testcase classname="backend.tests.test_iteration6_pod" name="test_integration_doc_exists" time="0.004" /><testcase classname="backend.tests.test_iteration7_v25" name="test_daily_without_status_keterangan_backward_compat" time="0.260" /><testcase classname="backend.tests.test_iteration7_v25" name="test_daily_with_valid_status_and_keterangan" time="0.125" /><testcase classname="backend.tests.test_iteration7_v25" name="test_daily_invalid_status_silently_filtered" time="0.140" /><testcase classname="backend.tests.test_iteration7_v25" name="test_daily_all_valid_status_values[Berangkat]" time="0.116" /><testcase classname="backend.tests.test_iteration7_v25" name="test_daily_all_valid_status_values[Checkpoint 1]" time="0.113" /><testcase classname="backend.tests.test_iteration7_v25" name="test_daily_all_valid_status_values[Checkpoint 2]" time="0.124" /><testcase classname="backend.tests.test_iteration7_v25" name="test_daily_all_valid_status_values[Checkpoint 3]" time="0.124" /><testcase classname="backend.tests.test_iteration7_v25" name="test_daily_all_valid_status_values[Tiba Tujuan]" time="0.119" /><testcase classname="backend.tests.test_iteration7_v25" name="test_daily_keterangan_max_300_chars" time="0.120" /><testcase classname="backend.tests.test_iteration7_v25" name="test_public_endpoint_exposes_status_keterangan" time="0.164" /><testcase classname="backend.tests.test_iteration7_v25" name="test_seed_trip_pod_demo_has_status_keterangan" time="0.049"><failure message="AssertionError: No daily checkpoint with status in TRIP-POD-DEMO: [{'id': '23f28549-71ca-422f-9521-01794d9091fa', 'date': '2026-06-22', 'url': '/api/uploads/TRIP-POD-DEMO/daily/e8f11724553e4c11a0b3f292ba848ebb.png', 'ts': '2026-06-22T09:36:46.608048+00:00', 'lat': -6.2088, 'lng': 106.8456}]&#10;assert False">backend/tests/test_iteration7_v25.py:130: in test_seed_trip_pod_demo_has_status_keterangan
    assert has_status, f"No daily checkpoint with status in TRIP-POD-DEMO: {daily}"
E   AssertionError: No daily checkpoint with status in TRIP-POD-DEMO: [{'id': '23f28549-71ca-422f-9521-01794d9091fa', 'date': '2026-06-22', 'url': '/api/uploads/TRIP-POD-DEMO/daily/e8f11724553e4c11a0b3f292ba848ebb.png', 'ts': '2026-06-22T09:36:46.608048+00:00', 'lat': -6.2088, 'lng': 106.8456}]
E   assert False</failure></testcase></testsuite></testsuites>